[09:29:35] [ServerMain/INFO]: Environment: Environment[sessionHost=https://sessionserver.mojang.com, servicesHost=https://api.minecraftservices.com, name=PROD]
[09:29:38] [ServerMain/INFO]: Loaded 1174 recipes
[09:29:38] [ServerMain/INFO]: Loaded 1271 advancements
[09:29:39] [Server thread/INFO]: Starting minecraft server version 1.20.4
[09:29:39] [Server thread/INFO]: Loading properties
[09:29:39] [Server thread/INFO]: This server is running Paper version git-Paper-496 (MC: 1.20.4) (Implementing API version 1.20.4-R0.1-SNAPSHOT) (Git: 7ac24a1 on ver/1.20.4)
[09:29:41] [Server thread/INFO]: Server Ping Player Sample Count: 12
[09:29:41] [Server thread/INFO]: Using 4 threads for Netty based IO
[09:29:41] [Server thread/WARN]: [!] The timings profiler has been enabled but has been scheduled for removal from Paper in the future.
    We recommend installing the spark profiler as a replacement: https://spark.lucko.me/
    For more information please visit: https://github.com/PaperMC/Paper/issues/8948
[09:29:42] [Server thread/INFO]: [ChunkTaskScheduler] Chunk system is using 1 I/O threads, 1 worker threads, and gen parallelism of 1 threads
[09:29:42] [Server thread/INFO]: Default game type: SURVIVAL
[09:29:42] [Server thread/INFO]: Generating keypair
[09:29:42] [Server thread/INFO]: Starting Minecraft server on *:25565
[09:29:42] [Server thread/INFO]: Using epoll channel type
[09:29:42] [Server thread/INFO]: Paper: Using libdeflate (Linux x86_64) compression from Velocity.
[09:29:42] [Server thread/INFO]: Paper: Using OpenSSL 1.1.x (Linux x86_64) cipher from Velocity.
[09:29:42] [Server thread/INFO]: Server permissions file permissions.yml is empty, ignoring it
[09:29:42] [Server thread/WARN]: **** SERVER IS RUNNING IN OFFLINE/INSECURE MODE!
[09:29:42] [Server thread/WARN]: The server will make no attempt to authenticate usernames. Beware.
[09:29:42] [Server thread/WARN]: While this makes the game possible to play without internet access, it also opens up the ability for hackers to connect with any username they choose.
[09:29:42] [Server thread/WARN]: To change this, set "online-mode" to "true" in the server.properties file.
[09:29:42] [Server thread/INFO]: Preparing level "world"
[09:29:43] [Server thread/INFO]: Preparing start region for dimension minecraft:overworld
[09:29:47] [Server thread/INFO]: Time elapsed: 3768 ms
[09:29:47] [Server thread/INFO]: Preparing start region for dimension minecraft:the_nether
[09:29:47] [Server thread/INFO]: Time elapsed: 146 ms
[09:29:47] [Server thread/INFO]: Preparing start region for dimension minecraft:the_end
[09:29:47] [Server thread/INFO]: Time elapsed: 141 ms
[09:29:48] [Server thread/INFO]: Running delayed init tasks
[09:29:48] [Server thread/INFO]: Done (8.881s)! For help, type "help"
[09:29:48] [Server thread/INFO]: Timings Reset
[09:34:35] [User Authenticator #0/INFO]: UUID of player offrubensito is 25b8c20a-1ba7-34a6-be36-a4fb13eeb1a4
[09:34:36] [Server thread/INFO]: offrubensito joined the game
[09:34:36] [Server thread/INFO]: offrubensito[/[0:0:0:0:0:0:0:1%0]:36310] logged in with entity id 77 at ([world]1307.6327454631041, 51.0, 1636.554089152088)
[09:34:48] [Async Chat Thread - #0/INFO]: [Not Secure] <offrubensito> a
[09:35:26] [Server thread/INFO]: offrubensito issued server command: /gamemode creative
[09:35:26] [Server thread/INFO]: [offrubensito: Set own game mode to Creative Mode]
[09:35:46] [Server thread/INFO]: offrubensito lost connection: Disconnected
[09:35:46] [Server thread/INFO]: offrubensito left the game
[09:36:00] [User Authenticator #1/INFO]: UUID of player offrubensito is 25b8c20a-1ba7-34a6-be36-a4fb13eeb1a4
[09:36:00] [Server thread/INFO]: offrubensito joined the game
[09:36:00] [Server thread/INFO]: offrubensito[/[0:0:0:0:0:0:0:1%0]:51324] logged in with entity id 373 at ([world]1309.8305589376157, 51.0, 1637.4297029586735)
[09:40:19] [Server thread/INFO]: offrubensito issued server command: /gamemode survival
[09:40:19] [Server thread/INFO]: [offrubensito: Set own game mode to Survival Mode]
[09:44:12] [Server thread/INFO]: offrubensito lost connection: Disconnected
[09:44:12] [Server thread/INFO]: offrubensito left the game
[09:46:23] [User Authenticator #2/INFO]: UUID of player offrubensito is 25b8c20a-1ba7-34a6-be36-a4fb13eeb1a4
[09:46:23] [Server thread/INFO]: offrubensito joined the game
[09:46:23] [Server thread/INFO]: offrubensito[/[0:0:0:0:0:0:0:1%0]:48364] logged in with entity id 1402 at ([world]1354.883806786269, -8.0, 1616.675459142393)
[09:47:12] [Server thread/INFO]: offrubensito has made the advancement [Not Today, Thank You]
[09:58:49] [Server thread/INFO]: offrubensito issued server command: /gamemode spectator
[09:58:49] [Server thread/INFO]: [offrubensito: Set own game mode to Spectator Mode]
[09:59:21] [Server thread/INFO]: offrubensito issued server command: /gamemode survival
[09:59:21] [Server thread/INFO]: [offrubensito: Set own game mode to Survival Mode]
[10:01:13] [Server thread/INFO]: offrubensito issued server command: /gamemode spectator
[10:01:13] [Server thread/INFO]: [offrubensito: Set own game mode to Spectator Mode]
[10:01:40] [Server thread/INFO]: offrubensito issued server command: /gamemode survival
[10:01:40] [Server thread/INFO]: [offrubensito: Set own game mode to Survival Mode]
[10:04:56] [Server thread/INFO]: offrubensito issued server command: /gamemode spectator
[10:04:56] [Server thread/INFO]: [offrubensito: Set own game mode to Spectator Mode]
[10:05:08] [Server thread/INFO]: offrubensito issued server command: /gamemode survival
[10:05:08] [Server thread/INFO]: [offrubensito: Set own game mode to Survival Mode]
[10:05:14] [Server thread/INFO]: offrubensito issued server command: /time set day
[10:05:14] [Server thread/INFO]: [offrubensito: Set the time to 1000]
[10:05:15] [Server thread/INFO]: offrubensito lost connection: Disconnected
[10:05:15] [Server thread/INFO]: offrubensito left the game
[10:05:58] [User Authenticator #3/INFO]: UUID of player offrubensito is 25b8c20a-1ba7-34a6-be36-a4fb13eeb1a4
[10:05:59] [Server thread/INFO]: offrubensito joined the game
[10:05:59] [Server thread/INFO]: offrubensito[/[0:0:0:0:0:0:0:1%0]:36238] logged in with entity id 4387 at ([world]1324.5628698885253, 132.0, 2009.9686431303155)
[10:25:46] [Server thread/INFO]: offrubensito lost connection: Disconnected
[10:25:46] [Server thread/INFO]: offrubensito left the game
[10:25:53] [Server thread/INFO]: Stopping the server
[10:25:53] [Server thread/INFO]: Stopping server
[10:25:53] [Server thread/INFO]: Saving players
[10:25:53] [Server thread/INFO]: Saving worlds
[10:25:53] [Server thread/INFO]: Saving chunks for level 'ServerLevel[world]'/minecraft:overworld
[10:25:53] [Server thread/INFO]: [ChunkHolderManager] Waiting 60s for chunk system to halt for world 'world'
[10:25:53] [Server thread/INFO]: [ChunkHolderManager] Halted chunk system for world 'world'
[10:25:53] [Server thread/INFO]: [ChunkHolderManager] Saving all chunkholders for world 'world'
[10:25:53] [Server thread/INFO]: [ChunkHolderManager] Saved 0 block chunks, 38 entity chunks, 0 poi chunks in world 'world' in 0.01s
[10:25:54] [Server thread/INFO]: ThreadedAnvilChunkStorage (world): All chunks are saved
[10:25:54] [Server thread/INFO]: Saving chunks for level 'ServerLevel[world_nether]'/minecraft:the_nether
[10:25:54] [Server thread/INFO]: [ChunkHolderManager] Waiting 60s for chunk system to halt for world 'world_nether'
[10:25:54] [Server thread/INFO]: [ChunkHolderManager] Halted chunk system for world 'world_nether'
[10:25:54] [Server thread/INFO]: [ChunkHolderManager] Saving all chunkholders for world 'world_nether'
[10:25:54] [Server thread/INFO]: [ChunkHolderManager] Saved 0 block chunks, 6 entity chunks, 0 poi chunks in world 'world_nether' in 0.01s
[10:25:54] [Server thread/INFO]: ThreadedAnvilChunkStorage (DIM-1): All chunks are saved
[10:25:54] [Server thread/INFO]: Saving chunks for level 'ServerLevel[world_the_end]'/minecraft:the_end
[10:25:54] [Server thread/INFO]: [ChunkHolderManager] Waiting 60s for chunk system to halt for world 'world_the_end'
[10:25:54] [Server thread/INFO]: [ChunkHolderManager] Halted chunk system for world 'world_the_end'
[10:25:54] [Server thread/INFO]: [ChunkHolderManager] Saving all chunkholders for world 'world_the_end'
[10:25:54] [Server thread/INFO]: [ChunkHolderManager] Saved 0 block chunks, 10 entity chunks, 0 poi chunks in world 'world_the_end' in 0.02s
[10:25:54] [Server thread/INFO]: ThreadedAnvilChunkStorage (DIM1): All chunks are saved
[10:25:54] [Server thread/INFO]: ThreadedAnvilChunkStorage: All dimensions are saved
[10:25:54] [Server thread/INFO]: Flushing Chunk IO
[10:25:54] [Server thread/INFO]: Closing Thread Pool
[10:25:54] [Server thread/INFO]: Closing Server
